??:??:?? **** Incremental Build of configuration Debug for project Ultrasonic ****
make all 
Building file: ../ICU.c
Invoking: AVR Compiler
avr-gcc -Wall -g2 -gstabs -O0 -fpack-struct -fshort-enums -ffunction-sections -fdata-sections -std=gnu99 -funsigned-char -funsigned-bitfields -mmcu=atmega32 -DF_CPU=1000000UL -MMD -MP -MF"ICU.d" -MT"ICU.o" -c -o "ICU.o" "../ICU.c"
In file included from ../ICU.c:5:
../ICU_priv.h:5:1: warning: "TCCR1A" redefined
In file included from c:/winavr-20100110/lib/gcc/../../avr/include/avr/io.h:206,
                 from ../ICU.c:3:
c:/winavr-20100110/lib/gcc/../../avr/include/avr/iom32.h:139:1: warning: this is the location of the previous definition
In file included from ../ICU.c:5:
../ICU_priv.h:6:1: warning: "TCCR1B" redefined
In file included from c:/winavr-20100110/lib/gcc/../../avr/include/avr/io.h:206,
                 from ../ICU.c:3:
c:/winavr-20100110/lib/gcc/../../avr/include/avr/iom32.h:138:1: warning: this is the location of the previous definition
In file included from ../ICU.c:5:
../ICU_priv.h:7:1: warning: "TIFR" redefined
In file included from c:/winavr-20100110/lib/gcc/../../avr/include/avr/io.h:206,
                 from ../ICU.c:3:
c:/winavr-20100110/lib/gcc/../../avr/include/avr/iom32.h:158:1: warning: this is the location of the previous definition
Finished building: ../ICU.c
 
Building target: Ultrasonic.elf
Invoking: AVR C Linker
avr-gcc -Wl,-Map,Ultrasonic.map -mmcu=atmega32 -o "Ultrasonic.elf"  ./DIO.o ./ICU.o ./LCD.o ./LCD_cfg.o ./LED.o ./LED_cfg.o ./main.o   
Finished building target: Ultrasonic.elf
 
Invoking: AVR Create Extended Listing
avr-objdump -h -S Ultrasonic.elf  >"Ultrasonic.lss"
Finished building: Ultrasonic.lss
 
Invoking: Print Size
avr-size --format=avr --mcu=atmega32 Ultrasonic.elf
AVR Memory Usage
----------------
Device: atmega32

Program:   13226 bytes (40.4% Full)
(.text + .data + .bootloader)

Data:         32 bytes (1.6% Full)
(.data + .bss + .noinit)


Finished building: sizedummy
 

??:??:?? Build Finished. 0 errors, 6 warnings. (took 453ms)

